2026-02-26 10:20:01.268 [main] INFO  c.l.b.BulkCommodityPlatformApplicationTests [requestId=] - Starting BulkCommodityPlatformApplicationTests using Java 21.0.10 with PID 34952 (started by LIYAO in E:\idea-workspace\learning\bulk-commodity-platform)
2026-02-26 10:20:01.275 [main] INFO  c.l.b.BulkCommodityPlatformApplicationTests [requestId=] - No active profile set, falling back to 1 default profile: "default"
2026-02-26 10:20:05.658 [main] INFO  o.s.d.r.c.RepositoryConfigurationDelegate [requestId=] - Multiple Spring Data modules found, entering strict repository configuration mode
2026-02-26 10:20:05.680 [main] INFO  o.s.d.r.c.RepositoryConfigurationDelegate [requestId=] - Bootstrapping Spring Data Redis repositories in DEFAULT mode.
2026-02-26 10:20:05.879 [main] INFO  o.s.d.r.c.RepositoryConfigurationDelegate [requestId=] - Finished Spring Data repository scanning in 32 ms. Found 0 Redis repository interfaces.
2026-02-26 10:20:15.609 [main] INFO  o.s.v.b.OptionalValidatorFactoryBean [requestId=] - Failed to set up a Bean Validation provider: jakarta.validation.NoProviderFoundException: Unable to create a Configuration, because no Jakarta Bean Validation provider could be found. Add a provider like Hibernate Validator (RI) to your classpath.
2026-02-26 10:20:20.127 [main] INFO  o.s.b.a.e.web.EndpointLinksResolver [requestId=] - Exposing 1 endpoint beneath base path '/actuator'
2026-02-26 10:20:20.512 [main] INFO  c.l.b.BulkCommodityPlatformApplicationTests [requestId=] - Started BulkCommodityPlatformApplicationTests in 20.439 seconds (process running for 30.53)
2026-02-26 11:07:31.804 [main] INFO  c.l.b.BulkCommodityPlatformApplicationTests [requestId=] - Starting BulkCommodityPlatformApplicationTests using Java 21.0.10 with PID 23852 (started by LIYAO in E:\idea-workspace\learning\bulk-commodity-platform)
2026-02-26 11:07:31.807 [main] INFO  c.l.b.BulkCommodityPlatformApplicationTests [requestId=] - No active profile set, falling back to 1 default profile: "default"
2026-02-26 11:07:33.481 [main] INFO  o.s.d.r.c.RepositoryConfigurationDelegate [requestId=] - Multiple Spring Data modules found, entering strict repository configuration mode
2026-02-26 11:07:33.485 [main] INFO  o.s.d.r.c.RepositoryConfigurationDelegate [requestId=] - Bootstrapping Spring Data Redis repositories in DEFAULT mode.
2026-02-26 11:07:33.568 [main] INFO  o.s.d.r.c.RepositoryConfigurationDelegate [requestId=] - Finished Spring Data repository scanning in 33 ms. Found 0 Redis repository interfaces.
2026-02-26 11:07:37.162 [main] INFO  o.s.v.b.OptionalValidatorFactoryBean [requestId=] - Failed to set up a Bean Validation provider: jakarta.validation.NoProviderFoundException: Unable to create a Configuration, because no Jakarta Bean Validation provider could be found. Add a provider like Hibernate Validator (RI) to your classpath.
2026-02-26 11:07:38.923 [main] INFO  o.s.b.a.e.web.EndpointLinksResolver [requestId=] - Exposing 1 endpoint beneath base path '/actuator'
2026-02-26 11:07:39.058 [main] INFO  c.l.b.BulkCommodityPlatformApplicationTests [requestId=] - Started BulkCommodityPlatformApplicationTests in 7.874 seconds (process running for 9.13)
2026-02-26 13:12:58.635 [restartedMain] INFO  com.liyao.bulk.BulkApplication [requestId=] - Starting BulkApplication using Java 21.0.10 with PID 9748 (E:\idea-workspace\learning\bulk-commodity-platform\target\classes started by LIYAO in E:\idea-workspace\learning\bulk-commodity-platform)
2026-02-26 13:12:58.637 [restartedMain] INFO  com.liyao.bulk.BulkApplication [requestId=] - No active profile set, falling back to 1 default profile: "default"
2026-02-26 13:12:58.684 [restartedMain] INFO  o.s.b.d.e.DevToolsPropertyDefaultsPostProcessor [requestId=] - Devtools property defaults active! Set 'spring.devtools.add-properties' to 'false' to disable
2026-02-26 13:12:58.684 [restartedMain] INFO  o.s.b.d.e.DevToolsPropertyDefaultsPostProcessor [requestId=] - For additional web related logging consider setting the 'logging.level.web' property to 'DEBUG'
2026-02-26 13:12:59.808 [restartedMain] INFO  o.s.d.r.c.RepositoryConfigurationDelegate [requestId=] - Multiple Spring Data modules found, entering strict repository configuration mode
2026-02-26 13:12:59.811 [restartedMain] INFO  o.s.d.r.c.RepositoryConfigurationDelegate [requestId=] - Bootstrapping Spring Data Redis repositories in DEFAULT mode.
2026-02-26 13:12:59.846 [restartedMain] INFO  o.s.d.r.c.RepositoryConfigurationDelegate [requestId=] - Finished Spring Data repository scanning in 16 ms. Found 0 Redis repository interfaces.
2026-02-26 13:13:01.130 [restartedMain] INFO  o.s.b.w.e.tomcat.TomcatWebServer [requestId=] - Tomcat initialized with port 18889 (http)
2026-02-26 13:13:01.150 [restartedMain] INFO  o.a.coyote.http11.Http11NioProtocol [requestId=] - Initializing ProtocolHandler ["http-nio-18889"]
2026-02-26 13:13:01.153 [restartedMain] INFO  o.a.catalina.core.StandardService [requestId=] - Starting service [Tomcat]
2026-02-26 13:13:01.154 [restartedMain] INFO  o.a.catalina.core.StandardEngine [requestId=] - Starting Servlet engine: [Apache Tomcat/10.1.41]
2026-02-26 13:13:01.214 [restartedMain] INFO  o.a.c.c.C.[Tomcat].[localhost].[/] [requestId=] - Initializing Spring embedded WebApplicationContext
2026-02-26 13:13:01.215 [restartedMain] INFO  o.s.b.w.s.c.ServletWebServerApplicationContext [requestId=] - Root WebApplicationContext: initialization completed in 2530 ms
2026-02-26 13:13:02.729 [restartedMain] INFO  o.s.v.b.OptionalValidatorFactoryBean [requestId=] - Failed to set up a Bean Validation provider: jakarta.validation.NoProviderFoundException: Unable to create a Configuration, because no Jakarta Bean Validation provider could be found. Add a provider like Hibernate Validator (RI) to your classpath.
2026-02-26 13:13:03.591 [restartedMain] INFO  o.s.b.d.a.OptionalLiveReloadServer [requestId=] - LiveReload server is running on port 35729
2026-02-26 13:13:03.601 [restartedMain] INFO  o.s.b.a.e.web.EndpointLinksResolver [requestId=] - Exposing 1 endpoint beneath base path '/actuator'
2026-02-26 13:13:03.670 [restartedMain] INFO  o.a.coyote.http11.Http11NioProtocol [requestId=] - Starting ProtocolHandler ["http-nio-18889"]
2026-02-26 13:13:03.699 [restartedMain] INFO  o.s.b.w.e.tomcat.TomcatWebServer [requestId=] - Tomcat started on port 18889 (http) with context path '/'
2026-02-26 13:13:03.712 [restartedMain] INFO  com.liyao.bulk.BulkApplication [requestId=] - Started BulkApplication in 5.691 seconds (process running for 6.17)
2026-02-26 13:17:27.329 [restartedMain] INFO  com.liyao.bulk.BulkApplication [requestId=] - Starting BulkApplication using Java 21.0.10 with PID 37436 (E:\idea-workspace\learning\bulk-commodity-platform\target\classes started by LIYAO in E:\idea-workspace\learning\bulk-commodity-platform)
2026-02-26 13:17:27.332 [restartedMain] INFO  com.liyao.bulk.BulkApplication [requestId=] - No active profile set, falling back to 1 default profile: "default"
2026-02-26 13:17:27.379 [restartedMain] INFO  o.s.b.d.e.DevToolsPropertyDefaultsPostProcessor [requestId=] - Devtools property defaults active! Set 'spring.devtools.add-properties' to 'false' to disable
2026-02-26 13:17:27.379 [restartedMain] INFO  o.s.b.d.e.DevToolsPropertyDefaultsPostProcessor [requestId=] - For additional web related logging consider setting the 'logging.level.web' property to 'DEBUG'
2026-02-26 13:17:28.619 [restartedMain] INFO  o.s.d.r.c.RepositoryConfigurationDelegate [requestId=] - Multiple Spring Data modules found, entering strict repository configuration mode
2026-02-26 13:17:28.622 [restartedMain] INFO  o.s.d.r.c.RepositoryConfigurationDelegate [requestId=] - Bootstrapping Spring Data Redis repositories in DEFAULT mode.
2026-02-26 13:17:28.654 [restartedMain] INFO  o.s.d.r.c.RepositoryConfigurationDelegate [requestId=] - Finished Spring Data repository scanning in 15 ms. Found 0 Redis repository interfaces.
2026-02-26 13:17:29.500 [restartedMain] INFO  o.s.b.w.e.tomcat.TomcatWebServer [requestId=] - Tomcat initialized with port 18889 (http)
2026-02-26 13:17:29.513 [restartedMain] INFO  o.a.coyote.http11.Http11NioProtocol [requestId=] - Initializing ProtocolHandler ["http-nio-18889"]
2026-02-26 13:17:29.515 [restartedMain] INFO  o.a.catalina.core.StandardService [requestId=] - Starting service [Tomcat]
2026-02-26 13:17:29.515 [restartedMain] INFO  o.a.catalina.core.StandardEngine [requestId=] - Starting Servlet engine: [Apache Tomcat/10.1.41]
2026-02-26 13:17:29.566 [restartedMain] INFO  o.a.c.c.C.[Tomcat].[localhost].[/] [requestId=] - Initializing Spring embedded WebApplicationContext
2026-02-26 13:17:29.566 [restartedMain] INFO  o.s.b.w.s.c.ServletWebServerApplicationContext [requestId=] - Root WebApplicationContext: initialization completed in 2186 ms
2026-02-26 13:17:30.896 [restartedMain] INFO  o.s.v.b.OptionalValidatorFactoryBean [requestId=] - Failed to set up a Bean Validation provider: jakarta.validation.NoProviderFoundException: Unable to create a Configuration, because no Jakarta Bean Validation provider could be found. Add a provider like Hibernate Validator (RI) to your classpath.
2026-02-26 13:17:31.844 [restartedMain] INFO  o.s.b.d.a.OptionalLiveReloadServer [requestId=] - LiveReload server is running on port 35729
2026-02-26 13:17:31.853 [restartedMain] INFO  o.s.b.a.e.web.EndpointLinksResolver [requestId=] - Exposing 1 endpoint beneath base path '/actuator'
2026-02-26 13:17:31.921 [restartedMain] INFO  o.a.coyote.http11.Http11NioProtocol [requestId=] - Starting ProtocolHandler ["http-nio-18889"]
2026-02-26 13:17:31.941 [restartedMain] INFO  o.s.b.w.e.tomcat.TomcatWebServer [requestId=] - Tomcat started on port 18889 (http) with context path '/'
2026-02-26 13:17:31.954 [restartedMain] INFO  com.liyao.bulk.BulkApplication [requestId=] - Started BulkApplication in 5.341 seconds (process running for 6.862)
2026-02-26 13:17:32.246 [RMI TCP Connection(2)-10.29.228.162] INFO  o.a.c.c.C.[Tomcat].[localhost].[/] [requestId=] - Initializing Spring DispatcherServlet 'dispatcherServlet'
2026-02-26 13:17:32.247 [RMI TCP Connection(2)-10.29.228.162] INFO  o.s.web.servlet.DispatcherServlet [requestId=] - Initializing Servlet 'dispatcherServlet'
2026-02-26 13:17:32.249 [RMI TCP Connection(2)-10.29.228.162] INFO  o.s.web.servlet.DispatcherServlet [requestId=] - Completed initialization in 2 ms
2026-02-26 13:17:32.248 [RMI TCP Connection(1)-10.29.228.162] INFO  com.zaxxer.hikari.HikariDataSource [requestId=] - HikariPool-1 - Starting...
2026-02-26 13:17:35.466 [RMI TCP Connection(1)-10.29.228.162] INFO  com.zaxxer.hikari.pool.HikariPool [requestId=] - HikariPool-1 - Added connection com.mysql.cj.jdbc.ConnectionImpl@72425725
2026-02-26 13:17:35.470 [RMI TCP Connection(1)-10.29.228.162] INFO  com.zaxxer.hikari.HikariDataSource [requestId=] - HikariPool-1 - Start completed.
2026-02-26 13:18:09.815 [File Watcher] INFO  o.s.b.d.a.LocalDevToolsAutoConfiguration$RestartingClassPathChangeChangedEventListener [requestId=] - Restarting due to 144 class path changes (0 additions, 142 deletions, 2 modifications)
2026-02-26 13:18:09.820 [Thread-5] INFO  o.s.b.w.e.tomcat.GracefulShutdown [requestId=] - Commencing graceful shutdown. Waiting for active requests to complete
2026-02-26 13:18:09.821 [tomcat-shutdown] INFO  o.a.coyote.http11.Http11NioProtocol [requestId=] - Pausing ProtocolHandler ["http-nio-18889"]
2026-02-26 13:18:09.826 [tomcat-shutdown] INFO  o.s.b.w.e.tomcat.GracefulShutdown [requestId=] - Graceful shutdown complete
2026-02-26 13:18:09.826 [Thread-5] INFO  o.a.coyote.http11.Http11NioProtocol [requestId=] - Stopping ProtocolHandler ["http-nio-18889"]
2026-02-26 13:18:09.860 [Thread-5] INFO  com.zaxxer.hikari.HikariDataSource [requestId=] - HikariPool-1 - Shutdown initiated...
2026-02-26 13:18:10.148 [Thread-5] INFO  com.zaxxer.hikari.HikariDataSource [requestId=] - HikariPool-1 - Shutdown completed.
2026-02-26 13:18:10.321 [restartedMain] INFO  com.liyao.bulk.BulkApplication [requestId=] - Starting BulkApplication using Java 21.0.10 with PID 37436 (E:\idea-workspace\learning\bulk-commodity-platform\target\classes started by LIYAO in E:\idea-workspace\learning\bulk-commodity-platform)
2026-02-26 13:18:10.322 [restartedMain] INFO  com.liyao.bulk.BulkApplication [requestId=] - No active profile set, falling back to 1 default profile: "default"
2026-02-26 13:18:10.860 [restartedMain] INFO  o.s.d.r.c.RepositoryConfigurationDelegate [requestId=] - Multiple Spring Data modules found, entering strict repository configuration mode
2026-02-26 13:18:10.860 [restartedMain] INFO  o.s.d.r.c.RepositoryConfigurationDelegate [requestId=] - Bootstrapping Spring Data Redis repositories in DEFAULT mode.
2026-02-26 13:18:10.862 [restartedMain] INFO  o.s.d.r.c.RepositoryConfigurationDelegate [requestId=] - Finished Spring Data repository scanning in 0 ms. Found 0 Redis repository interfaces.
2026-02-26 13:18:10.897 [restartedMain] WARN  o.m.s.mapper.ClassPathMapperScanner [requestId=] - No MyBatis mapper was found in '[com.liyao.bulk]' package. Please check your configuration.
2026-02-26 13:18:10.970 [restartedMain] INFO  o.s.b.w.e.tomcat.TomcatWebServer [requestId=] - Tomcat initialized with port 18889 (http)
2026-02-26 13:18:10.971 [restartedMain] INFO  o.a.coyote.http11.Http11NioProtocol [requestId=] - Initializing ProtocolHandler ["http-nio-18889"]
2026-02-26 13:18:10.972 [restartedMain] INFO  o.a.catalina.core.StandardService [requestId=] - Starting service [Tomcat]
2026-02-26 13:18:10.972 [restartedMain] INFO  o.a.catalina.core.StandardEngine [requestId=] - Starting Servlet engine: [Apache Tomcat/10.1.41]
2026-02-26 13:18:10.996 [restartedMain] INFO  o.a.c.c.C.[Tomcat].[localhost].[/] [requestId=] - Initializing Spring embedded WebApplicationContext
2026-02-26 13:18:10.996 [restartedMain] INFO  o.s.b.w.s.c.ServletWebServerApplicationContext [requestId=] - Root WebApplicationContext: initialization completed in 668 ms
2026-02-26 13:18:11.074 [restartedMain] INFO  o.s.v.b.OptionalValidatorFactoryBean [requestId=] - Failed to set up a Bean Validation provider: jakarta.validation.NoProviderFoundException: Unable to create a Configuration, because no Jakarta Bean Validation provider could be found. Add a provider like Hibernate Validator (RI) to your classpath.
2026-02-26 13:18:11.192 [restartedMain] WARN  o.s.b.w.s.c.AnnotationConfigServletWebServerApplicationContext [requestId=] - Exception encountered during context initialization - cancelling refresh attempt: org.springframework.beans.factory.BeanCreationException: Error creating bean with name 'sqlSessionFactory' defined in class path resource [org/mybatis/spring/boot/autoconfigure/MybatisAutoConfiguration.class]: Failed to instantiate [org.apache.ibatis.session.SqlSessionFactory]: Factory method 'sqlSessionFactory' threw exception with message: Failed to parse mapping resource: 'file [E:\idea-workspace\learning\bulk-commodity-platform\target\classes\mapper\AdminApplyMapper.xml]'
2026-02-26 13:18:11.194 [restartedMain] INFO  o.a.catalina.core.StandardService [requestId=] - Stopping service [Tomcat]
2026-02-26 13:18:11.213 [restartedMain] INFO  o.s.b.a.l.ConditionEvaluationReportLogger [requestId=] - 

Error starting ApplicationContext. To display the condition evaluation report re-run your application with 'debug' enabled.
2026-02-26 13:18:11.251 [restartedMain] ERROR o.s.boot.SpringApplication [requestId=] - Application run failed
org.springframework.beans.factory.BeanCreationException: Error creating bean with name 'sqlSessionFactory' defined in class path resource [org/mybatis/spring/boot/autoconfigure/MybatisAutoConfiguration.class]: Failed to instantiate [org.apache.ibatis.session.SqlSessionFactory]: Factory method 'sqlSessionFactory' threw exception with message: Failed to parse mapping resource: 'file [E:\idea-workspace\learning\bulk-commodity-platform\target\classes\mapper\AdminApplyMapper.xml]'
	at org.springframework.beans.factory.support.ConstructorResolver.instantiate(ConstructorResolver.java:657)
	at org.springframework.beans.factory.support.ConstructorResolver.instantiateUsingFactoryMethod(ConstructorResolver.java:645)
	at org.springframework.beans.factory.support.AbstractAutowireCapableBeanFactory.instantiateUsingFactoryMethod(AbstractAutowireCapableBeanFactory.java:1375)
	at org.springframework.beans.factory.support.AbstractAutowireCapableBeanFactory.createBeanInstance(AbstractAutowireCapableBeanFactory.java:1205)
	at org.springframework.beans.factory.support.AbstractAutowireCapableBeanFactory.doCreateBean(AbstractAutowireCapableBeanFactory.java:569)
	at org.springframework.beans.factory.support.AbstractAutowireCapableBeanFactory.createBean(AbstractAutowireCapableBeanFactory.java:529)
	at org.springframework.beans.factory.support.AbstractBeanFactory.lambda$doGetBean$0(AbstractBeanFactory.java:339)
	at org.springframework.beans.factory.support.DefaultSingletonBeanRegistry.getSingleton(DefaultSingletonBeanRegistry.java:373)
	at org.springframework.beans.factory.support.AbstractBeanFactory.doGetBean(AbstractBeanFactory.java:337)
	at org.springframework.beans.factory.support.AbstractBeanFactory.getBean(AbstractBeanFactory.java:202)
	at org.springframework.beans.factory.support.DefaultListableBeanFactory.instantiateSingleton(DefaultListableBeanFactory.java:1222)
	at org.springframework.beans.factory.support.DefaultListableBeanFactory.preInstantiateSingleton(DefaultListableBeanFactory.java:1188)
	at org.springframework.beans.factory.support.DefaultListableBeanFactory.preInstantiateSingletons(DefaultListableBeanFactory.java:1123)
	at org.springframework.context.support.AbstractApplicationContext.finishBeanFactoryInitialization(AbstractApplicationContext.java:987)
	at org.springframework.context.support.AbstractApplicationContext.refresh(AbstractApplicationContext.java:627)
	at org.springframework.boot.web.servlet.context.ServletWebServerApplicationContext.refresh(ServletWebServerApplicationContext.java:146)
	at org.springframework.boot.SpringApplication.refresh(SpringApplication.java:753)
	at org.springframework.boot.SpringApplication.refreshContext(SpringApplication.java:439)
	at org.springframework.boot.SpringApplication.run(SpringApplication.java:318)
	at org.springframework.boot.SpringApplication.run(SpringApplication.java:1362)
	at org.springframework.boot.SpringApplication.run(SpringApplication.java:1351)
	at com.liyao.bulk.BulkApplication.main(BulkApplication.java:9)
	at java.base/jdk.internal.reflect.DirectMethodHandleAccessor.invoke(DirectMethodHandleAccessor.java:103)
	at java.base/java.lang.reflect.Method.invoke(Method.java:580)
	at org.springframework.boot.devtools.restart.RestartLauncher.run(RestartLauncher.java:50)
Caused by: org.springframework.beans.BeanInstantiationException: Failed to instantiate [org.apache.ibatis.session.SqlSessionFactory]: Factory method 'sqlSessionFactory' threw exception with message: Failed to parse mapping resource: 'file [E:\idea-workspace\learning\bulk-commodity-platform\target\classes\mapper\AdminApplyMapper.xml]'
	at org.springframework.beans.factory.support.SimpleInstantiationStrategy.lambda$instantiate$0(SimpleInstantiationStrategy.java:199)
	at org.springframework.beans.factory.support.SimpleInstantiationStrategy.instantiateWithFactoryMethod(SimpleInstantiationStrategy.java:88)
	at org.springframework.beans.factory.support.SimpleInstantiationStrategy.instantiate(SimpleInstantiationStrategy.java:168)
	at org.springframework.beans.factory.support.ConstructorResolver.instantiate(ConstructorResolver.java:653)
	... 24 common frames omitted
Caused by: java.io.IOException: Failed to parse mapping resource: 'file [E:\idea-workspace\learning\bulk-commodity-platform\target\classes\mapper\AdminApplyMapper.xml]'
	at org.mybatis.spring.SqlSessionFactoryBean.buildSqlSessionFactory(SqlSessionFactoryBean.java:695)
	at org.mybatis.spring.SqlSessionFactoryBean.afterPropertiesSet(SqlSessionFactoryBean.java:572)
	at org.mybatis.spring.SqlSessionFactoryBean.getObject(SqlSessionFactoryBean.java:712)
	at org.mybatis.spring.boot.autoconfigure.MybatisAutoConfiguration.sqlSessionFactory(MybatisAutoConfiguration.java:189)
	at java.base/jdk.internal.reflect.DirectMethodHandleAccessor.invoke(DirectMethodHandleAccessor.java:103)
	at java.base/java.lang.reflect.Method.invoke(Method.java:580)
	at org.springframework.beans.factory.support.SimpleInstantiationStrategy.lambda$instantiate$0(SimpleInstantiationStrategy.java:171)
	... 27 common frames omitted
Caused by: org.apache.ibatis.builder.BuilderException: Error parsing Mapper XML. The XML location is 'file [E:\idea-workspace\learning\bulk-commodity-platform\target\classes\mapper\AdminApplyMapper.xml]'. Cause: org.apache.ibatis.builder.BuilderException: Error resolving class. Cause: org.apache.ibatis.type.TypeException: Could not resolve type alias 'com.liyao.bulk.model.AdminApply'.  Cause: java.lang.ClassNotFoundException: Cannot find class: com.liyao.bulk.model.AdminApply
	at org.apache.ibatis.builder.xml.XMLMapperBuilder.configurationElement(XMLMapperBuilder.java:125)
	at org.apache.ibatis.builder.xml.XMLMapperBuilder.parse(XMLMapperBuilder.java:98)
	at org.mybatis.spring.SqlSessionFactoryBean.buildSqlSessionFactory(SqlSessionFactoryBean.java:693)
	... 33 common frames omitted
Caused by: org.apache.ibatis.builder.BuilderException: Error resolving class. Cause: org.apache.ibatis.type.TypeException: Could not resolve type alias 'com.liyao.bulk.model.AdminApply'.  Cause: java.lang.ClassNotFoundException: Cannot find class: com.liyao.bulk.model.AdminApply
	at org.apache.ibatis.builder.BaseBuilder.resolveClass(BaseBuilder.java:103)
	at org.apache.ibatis.builder.xml.XMLMapperBuilder.resultMapElement(XMLMapperBuilder.java:222)
	at org.apache.ibatis.builder.xml.XMLMapperBuilder.resultMapElement(XMLMapperBuilder.java:214)
	at org.apache.ibatis.builder.xml.XMLMapperBuilder.resultMapElements(XMLMapperBuilder.java:206)
	at org.apache.ibatis.builder.xml.XMLMapperBuilder.configurationElement(XMLMapperBuilder.java:121)
	... 35 common frames omitted
Caused by: org.apache.ibatis.type.TypeException: Could not resolve type alias 'com.liyao.bulk.model.AdminApply'.  Cause: java.lang.ClassNotFoundException: Cannot find class: com.liyao.bulk.model.AdminApply
	at org.apache.ibatis.type.TypeAliasRegistry.resolveAlias(TypeAliasRegistry.java:128)
	at org.apache.ibatis.builder.BaseBuilder.resolveAlias(BaseBuilder.java:132)
	at org.apache.ibatis.builder.BaseBuilder.resolveClass(BaseBuilder.java:101)
	... 39 common frames omitted
Caused by: java.lang.ClassNotFoundException: Cannot find class: com.liyao.bulk.model.AdminApply
	at org.apache.ibatis.io.ClassLoaderWrapper.classForName(ClassLoaderWrapper.java:226)
	at org.apache.ibatis.io.ClassLoaderWrapper.classForName(ClassLoaderWrapper.java:103)
	at org.apache.ibatis.io.Resources.classForName(Resources.java:322)
	at org.apache.ibatis.type.TypeAliasRegistry.resolveAlias(TypeAliasRegistry.java:124)
	... 41 common frames omitted
2026-02-26 13:18:16.912 [restartedMain] INFO  com.liyao.bulk.BulkApplication [requestId=] - Starting BulkApplication using Java 21.0.10 with PID 37436 (E:\idea-workspace\learning\bulk-commodity-platform\target\classes started by LIYAO in E:\idea-workspace\learning\bulk-commodity-platform)
2026-02-26 13:18:16.912 [restartedMain] INFO  com.liyao.bulk.BulkApplication [requestId=] - No active profile set, falling back to 1 default profile: "default"
2026-02-26 13:18:17.409 [restartedMain] INFO  o.s.d.r.c.RepositoryConfigurationDelegate [requestId=] - Multiple Spring Data modules found, entering strict repository configuration mode
2026-02-26 13:18:17.409 [restartedMain] INFO  o.s.d.r.c.RepositoryConfigurationDelegate [requestId=] - Bootstrapping Spring Data Redis repositories in DEFAULT mode.
2026-02-26 13:18:17.419 [restartedMain] INFO  o.s.d.r.c.RepositoryConfigurationDelegate [requestId=] - Finished Spring Data repository scanning in 8 ms. Found 0 Redis repository interfaces.
2026-02-26 13:18:17.586 [restartedMain] INFO  o.s.b.w.e.tomcat.TomcatWebServer [requestId=] - Tomcat initialized with port 18889 (http)
2026-02-26 13:18:17.587 [restartedMain] INFO  o.a.coyote.http11.Http11NioProtocol [requestId=] - Initializing ProtocolHandler ["http-nio-18889"]
2026-02-26 13:18:17.587 [restartedMain] INFO  o.a.catalina.core.StandardService [requestId=] - Starting service [Tomcat]
2026-02-26 13:18:17.587 [restartedMain] INFO  o.a.catalina.core.StandardEngine [requestId=] - Starting Servlet engine: [Apache Tomcat/10.1.41]
2026-02-26 13:18:17.607 [restartedMain] INFO  o.a.c.c.C.[Tomcat-1].[localhost].[/] [requestId=] - Initializing Spring embedded WebApplicationContext
2026-02-26 13:18:17.607 [restartedMain] INFO  o.s.b.w.s.c.ServletWebServerApplicationContext [requestId=] - Root WebApplicationContext: initialization completed in 691 ms
2026-02-26 13:18:18.306 [restartedMain] INFO  o.s.v.b.OptionalValidatorFactoryBean [requestId=] - Failed to set up a Bean Validation provider: jakarta.validation.NoProviderFoundException: Unable to create a Configuration, because no Jakarta Bean Validation provider could be found. Add a provider like Hibernate Validator (RI) to your classpath.
2026-02-26 13:18:18.907 [restartedMain] INFO  o.s.b.d.a.OptionalLiveReloadServer [requestId=] - LiveReload server is running on port 35729
2026-02-26 13:18:18.916 [restartedMain] INFO  o.s.b.a.e.web.EndpointLinksResolver [requestId=] - Exposing 1 endpoint beneath base path '/actuator'
2026-02-26 13:18:18.965 [restartedMain] INFO  o.a.coyote.http11.Http11NioProtocol [requestId=] - Starting ProtocolHandler ["http-nio-18889"]
2026-02-26 13:18:18.970 [restartedMain] INFO  o.s.b.w.e.tomcat.TomcatWebServer [requestId=] - Tomcat started on port 18889 (http) with context path '/'
2026-02-26 13:18:18.978 [restartedMain] INFO  com.liyao.bulk.BulkApplication [requestId=] - Started BulkApplication in 2.109 seconds (process running for 53.886)
2026-02-26 13:18:18.981 [restartedMain] INFO  o.s.b.d.a.ConditionEvaluationDeltaLoggingListener [requestId=] - Condition evaluation unchanged
2026-02-26 13:18:52.371 [http-nio-18889-exec-1] INFO  o.a.c.c.C.[Tomcat-1].[localhost].[/] [requestId=] - Initializing Spring DispatcherServlet 'dispatcherServlet'
2026-02-26 13:18:52.371 [http-nio-18889-exec-1] INFO  o.s.web.servlet.DispatcherServlet [requestId=] - Initializing Servlet 'dispatcherServlet'
2026-02-26 13:18:52.372 [http-nio-18889-exec-1] INFO  o.s.web.servlet.DispatcherServlet [requestId=] - Completed initialization in 1 ms
2026-02-26 13:18:54.202 [http-nio-18889-exec-2] INFO  o.s.api.AbstractOpenApiResource [requestId=8850bdf6-5f1f-4626-a6fd-9faf058c11be] - Init duration for springdoc-openapi is: 900 ms
2026-02-26 13:20:51.039 [File Watcher] INFO  o.s.b.d.a.LocalDevToolsAutoConfiguration$RestartingClassPathChangeChangedEventListener [requestId=] - Restarting due to 166 class path changes (0 additions, 166 deletions, 0 modifications)
2026-02-26 13:20:51.043 [Thread-7] INFO  o.s.b.w.e.tomcat.GracefulShutdown [requestId=] - Commencing graceful shutdown. Waiting for active requests to complete
2026-02-26 13:20:51.044 [tomcat-shutdown] INFO  o.a.coyote.http11.Http11NioProtocol [requestId=] - Pausing ProtocolHandler ["http-nio-18889"]
2026-02-26 13:20:51.049 [tomcat-shutdown] INFO  o.s.b.w.e.tomcat.GracefulShutdown [requestId=] - Graceful shutdown complete
2026-02-26 13:20:51.049 [Thread-7] INFO  o.a.coyote.http11.Http11NioProtocol [requestId=] - Stopping ProtocolHandler ["http-nio-18889"]
2026-02-26 13:21:00.054 [restartedMain] INFO  com.liyao.bulk.BulkApplication [requestId=] - Starting BulkApplication using Java 21.0.10 with PID 37436 (E:\idea-workspace\learning\bulk-commodity-platform\target\classes started by LIYAO in E:\idea-workspace\learning\bulk-commodity-platform)
2026-02-26 13:21:00.054 [restartedMain] INFO  com.liyao.bulk.BulkApplication [requestId=] - No active profile set, falling back to 1 default profile: "default"
2026-02-26 13:21:00.402 [restartedMain] INFO  o.s.d.r.c.RepositoryConfigurationDelegate [requestId=] - Multiple Spring Data modules found, entering strict repository configuration mode
2026-02-26 13:21:00.402 [restartedMain] INFO  o.s.d.r.c.RepositoryConfigurationDelegate [requestId=] - Bootstrapping Spring Data Redis repositories in DEFAULT mode.
2026-02-26 13:21:00.404 [restartedMain] INFO  o.s.d.r.c.RepositoryConfigurationDelegate [requestId=] - Finished Spring Data repository scanning in 0 ms. Found 0 Redis repository interfaces.
2026-02-26 13:21:00.441 [restartedMain] WARN  o.m.s.mapper.ClassPathMapperScanner [requestId=] - No MyBatis mapper was found in '[com.liyao.bulk]' package. Please check your configuration.
2026-02-26 13:21:00.496 [restartedMain] INFO  o.s.b.w.e.tomcat.TomcatWebServer [requestId=] - Tomcat initialized with port 18889 (http)
2026-02-26 13:21:00.497 [restartedMain] INFO  o.a.catalina.core.StandardService [requestId=] - Starting service [Tomcat]
2026-02-26 13:21:00.498 [restartedMain] INFO  o.a.catalina.core.StandardEngine [requestId=] - Starting Servlet engine: [Apache Tomcat/10.1.41]
2026-02-26 13:21:00.522 [restartedMain] INFO  o.a.c.c.C.[Tomcat-2].[localhost].[/] [requestId=] - Initializing Spring embedded WebApplicationContext
2026-02-26 13:21:00.522 [restartedMain] INFO  o.s.b.w.s.c.ServletWebServerApplicationContext [requestId=] - Root WebApplicationContext: initialization completed in 465 ms
2026-02-26 13:21:00.581 [restartedMain] INFO  o.s.v.b.OptionalValidatorFactoryBean [requestId=] - Failed to set up a Bean Validation provider: jakarta.validation.NoProviderFoundException: Unable to create a Configuration, because no Jakarta Bean Validation provider could be found. Add a provider like Hibernate Validator (RI) to your classpath.
2026-02-26 13:21:00.699 [restartedMain] WARN  o.s.b.w.s.c.AnnotationConfigServletWebServerApplicationContext [requestId=] - Exception encountered during context initialization - cancelling refresh attempt: org.springframework.beans.factory.BeanCreationException: Error creating bean with name 'sqlSessionFactory' defined in class path resource [org/mybatis/spring/boot/autoconfigure/MybatisAutoConfiguration.class]: Failed to instantiate [org.apache.ibatis.session.SqlSessionFactory]: Factory method 'sqlSessionFactory' threw exception with message: Failed to parse mapping resource: 'file [E:\idea-workspace\learning\bulk-commodity-platform\target\classes\mapper\AdminApplyMapper.xml]'
2026-02-26 13:21:00.701 [restartedMain] INFO  o.a.catalina.core.StandardService [requestId=] - Stopping service [Tomcat]
2026-02-26 13:21:00.709 [restartedMain] INFO  o.s.b.a.l.ConditionEvaluationReportLogger [requestId=] - 

Error starting ApplicationContext. To display the condition evaluation report re-run your application with 'debug' enabled.
2026-02-26 13:21:00.714 [restartedMain] ERROR o.s.boot.SpringApplication [requestId=] - Application run failed
org.springframework.beans.factory.BeanCreationException: Error creating bean with name 'sqlSessionFactory' defined in class path resource [org/mybatis/spring/boot/autoconfigure/MybatisAutoConfiguration.class]: Failed to instantiate [org.apache.ibatis.session.SqlSessionFactory]: Factory method 'sqlSessionFactory' threw exception with message: Failed to parse mapping resource: 'file [E:\idea-workspace\learning\bulk-commodity-platform\target\classes\mapper\AdminApplyMapper.xml]'
	at org.springframework.beans.factory.support.ConstructorResolver.instantiate(ConstructorResolver.java:657)
	at org.springframework.beans.factory.support.ConstructorResolver.instantiateUsingFactoryMethod(ConstructorResolver.java:645)
	at org.springframework.beans.factory.support.AbstractAutowireCapableBeanFactory.instantiateUsingFactoryMethod(AbstractAutowireCapableBeanFactory.java:1375)
	at org.springframework.beans.factory.support.AbstractAutowireCapableBeanFactory.createBeanInstance(AbstractAutowireCapableBeanFactory.java:1205)
	at org.springframework.beans.factory.support.AbstractAutowireCapableBeanFactory.doCreateBean(AbstractAutowireCapableBeanFactory.java:569)
	at org.springframework.beans.factory.support.AbstractAutowireCapableBeanFactory.createBean(AbstractAutowireCapableBeanFactory.java:529)
	at org.springframework.beans.factory.support.AbstractBeanFactory.lambda$doGetBean$0(AbstractBeanFactory.java:339)
	at org.springframework.beans.factory.support.DefaultSingletonBeanRegistry.getSingleton(DefaultSingletonBeanRegistry.java:373)
	at org.springframework.beans.factory.support.AbstractBeanFactory.doGetBean(AbstractBeanFactory.java:337)
	at org.springframework.beans.factory.support.AbstractBeanFactory.getBean(AbstractBeanFactory.java:202)
	at org.springframework.beans.factory.support.DefaultListableBeanFactory.instantiateSingleton(DefaultListableBeanFactory.java:1222)
	at org.springframework.beans.factory.support.DefaultListableBeanFactory.preInstantiateSingleton(DefaultListableBeanFactory.java:1188)
	at org.springframework.beans.factory.support.DefaultListableBeanFactory.preInstantiateSingletons(DefaultListableBeanFactory.java:1123)
	at org.springframework.context.support.AbstractApplicationContext.finishBeanFactoryInitialization(AbstractApplicationContext.java:987)
	at org.springframework.context.support.AbstractApplicationContext.refresh(AbstractApplicationContext.java:627)
	at org.springframework.boot.web.servlet.context.ServletWebServerApplicationContext.refresh(ServletWebServerApplicationContext.java:146)
	at org.springframework.boot.SpringApplication.refresh(SpringApplication.java:753)
	at org.springframework.boot.SpringApplication.refreshContext(SpringApplication.java:439)
	at org.springframework.boot.SpringApplication.run(SpringApplication.java:318)
	at org.springframework.boot.SpringApplication.run(SpringApplication.java:1362)
	at org.springframework.boot.SpringApplication.run(SpringApplication.java:1351)
	at com.liyao.bulk.BulkApplication.main(BulkApplication.java:9)
	at java.base/jdk.internal.reflect.DirectMethodHandleAccessor.invoke(DirectMethodHandleAccessor.java:103)
	at java.base/java.lang.reflect.Method.invoke(Method.java:580)
	at org.springframework.boot.devtools.restart.RestartLauncher.run(RestartLauncher.java:50)
Caused by: org.springframework.beans.BeanInstantiationException: Failed to instantiate [org.apache.ibatis.session.SqlSessionFactory]: Factory method 'sqlSessionFactory' threw exception with message: Failed to parse mapping resource: 'file [E:\idea-workspace\learning\bulk-commodity-platform\target\classes\mapper\AdminApplyMapper.xml]'
	at org.springframework.beans.factory.support.SimpleInstantiationStrategy.lambda$instantiate$0(SimpleInstantiationStrategy.java:199)
	at org.springframework.beans.factory.support.SimpleInstantiationStrategy.instantiateWithFactoryMethod(SimpleInstantiationStrategy.java:88)
	at org.springframework.beans.factory.support.SimpleInstantiationStrategy.instantiate(SimpleInstantiationStrategy.java:168)
	at org.springframework.beans.factory.support.ConstructorResolver.instantiate(ConstructorResolver.java:653)
	... 24 common frames omitted
Caused by: java.io.IOException: Failed to parse mapping resource: 'file [E:\idea-workspace\learning\bulk-commodity-platform\target\classes\mapper\AdminApplyMapper.xml]'
	at org.mybatis.spring.SqlSessionFactoryBean.buildSqlSessionFactory(SqlSessionFactoryBean.java:695)
	at org.mybatis.spring.SqlSessionFactoryBean.afterPropertiesSet(SqlSessionFactoryBean.java:572)
	at org.mybatis.spring.SqlSessionFactoryBean.getObject(SqlSessionFactoryBean.java:712)
	at org.mybatis.spring.boot.autoconfigure.MybatisAutoConfiguration.sqlSessionFactory(MybatisAutoConfiguration.java:189)
	at java.base/jdk.internal.reflect.DirectMethodHandleAccessor.invoke(DirectMethodHandleAccessor.java:103)
	at java.base/java.lang.reflect.Method.invoke(Method.java:580)
	at org.springframework.beans.factory.support.SimpleInstantiationStrategy.lambda$instantiate$0(SimpleInstantiationStrategy.java:171)
	... 27 common frames omitted
Caused by: org.apache.ibatis.builder.BuilderException: Error parsing Mapper XML. The XML location is 'file [E:\idea-workspace\learning\bulk-commodity-platform\target\classes\mapper\AdminApplyMapper.xml]'. Cause: org.apache.ibatis.builder.BuilderException: Error resolving class. Cause: org.apache.ibatis.type.TypeException: Could not resolve type alias 'com.liyao.bulk.model.AdminApply'.  Cause: java.lang.ClassNotFoundException: Cannot find class: com.liyao.bulk.model.AdminApply
	at org.apache.ibatis.builder.xml.XMLMapperBuilder.configurationElement(XMLMapperBuilder.java:125)
	at org.apache.ibatis.builder.xml.XMLMapperBuilder.parse(XMLMapperBuilder.java:98)
	at org.mybatis.spring.SqlSessionFactoryBean.buildSqlSessionFactory(SqlSessionFactoryBean.java:693)
	... 33 common frames omitted
Caused by: org.apache.ibatis.builder.BuilderException: Error resolving class. Cause: org.apache.ibatis.type.TypeException: Could not resolve type alias 'com.liyao.bulk.model.AdminApply'.  Cause: java.lang.ClassNotFoundException: Cannot find class: com.liyao.bulk.model.AdminApply
	at org.apache.ibatis.builder.BaseBuilder.resolveClass(BaseBuilder.java:103)
	at org.apache.ibatis.builder.xml.XMLMapperBuilder.resultMapElement(XMLMapperBuilder.java:222)
	at org.apache.ibatis.builder.xml.XMLMapperBuilder.resultMapElement(XMLMapperBuilder.java:214)
	at org.apache.ibatis.builder.xml.XMLMapperBuilder.resultMapElements(XMLMapperBuilder.java:206)
	at org.apache.ibatis.builder.xml.XMLMapperBuilder.configurationElement(XMLMapperBuilder.java:121)
	... 35 common frames omitted
Caused by: org.apache.ibatis.type.TypeException: Could not resolve type alias 'com.liyao.bulk.model.AdminApply'.  Cause: java.lang.ClassNotFoundException: Cannot find class: com.liyao.bulk.model.AdminApply
	at org.apache.ibatis.type.TypeAliasRegistry.resolveAlias(TypeAliasRegistry.java:128)
	at org.apache.ibatis.builder.BaseBuilder.resolveAlias(BaseBuilder.java:132)
	at org.apache.ibatis.builder.BaseBuilder.resolveClass(BaseBuilder.java:101)
	... 39 common frames omitted
Caused by: java.lang.ClassNotFoundException: Cannot find class: com.liyao.bulk.model.AdminApply
	at org.apache.ibatis.io.ClassLoaderWrapper.classForName(ClassLoaderWrapper.java:226)
	at org.apache.ibatis.io.ClassLoaderWrapper.classForName(ClassLoaderWrapper.java:103)
	at org.apache.ibatis.io.Resources.classForName(Resources.java:322)
	at org.apache.ibatis.type.TypeAliasRegistry.resolveAlias(TypeAliasRegistry.java:124)
	... 41 common frames omitted
2026-02-26 13:21:05.941 [restartedMain] INFO  com.liyao.bulk.BulkApplication [requestId=] - Starting BulkApplication using Java 21.0.10 with PID 37436 (E:\idea-workspace\learning\bulk-commodity-platform\target\classes started by LIYAO in E:\idea-workspace\learning\bulk-commodity-platform)
2026-02-26 13:21:05.941 [restartedMain] INFO  com.liyao.bulk.BulkApplication [requestId=] - No active profile set, falling back to 1 default profile: "default"
2026-02-26 13:21:06.329 [restartedMain] INFO  o.s.d.r.c.RepositoryConfigurationDelegate [requestId=] - Multiple Spring Data modules found, entering strict repository configuration mode
2026-02-26 13:21:06.329 [restartedMain] INFO  o.s.d.r.c.RepositoryConfigurationDelegate [requestId=] - Bootstrapping Spring Data Redis repositories in DEFAULT mode.
2026-02-26 13:21:06.337 [restartedMain] INFO  o.s.d.r.c.RepositoryConfigurationDelegate [requestId=] - Finished Spring Data repository scanning in 6 ms. Found 0 Redis repository interfaces.
2026-02-26 13:21:06.498 [restartedMain] INFO  o.s.b.w.e.tomcat.TomcatWebServer [requestId=] - Tomcat initialized with port 18889 (http)
2026-02-26 13:21:06.499 [restartedMain] INFO  o.a.catalina.core.StandardService [requestId=] - Starting service [Tomcat]
2026-02-26 13:21:06.500 [restartedMain] INFO  o.a.catalina.core.StandardEngine [requestId=] - Starting Servlet engine: [Apache Tomcat/10.1.41]
2026-02-26 13:21:06.518 [restartedMain] INFO  o.a.c.c.C.[Tomcat-3].[localhost].[/] [requestId=] - Initializing Spring embedded WebApplicationContext
2026-02-26 13:21:06.518 [restartedMain] INFO  o.s.b.w.s.c.ServletWebServerApplicationContext [requestId=] - Root WebApplicationContext: initialization completed in 574 ms
2026-02-26 13:21:07.070 [restartedMain] INFO  o.s.v.b.OptionalValidatorFactoryBean [requestId=] - Failed to set up a Bean Validation provider: jakarta.validation.NoProviderFoundException: Unable to create a Configuration, because no Jakarta Bean Validation provider could be found. Add a provider like Hibernate Validator (RI) to your classpath.
2026-02-26 13:21:07.613 [restartedMain] INFO  o.s.b.d.a.OptionalLiveReloadServer [requestId=] - LiveReload server is running on port 35729
2026-02-26 13:21:07.619 [restartedMain] INFO  o.s.b.a.e.web.EndpointLinksResolver [requestId=] - Exposing 1 endpoint beneath base path '/actuator'
2026-02-26 13:21:07.668 [restartedMain] INFO  o.s.b.w.e.tomcat.TomcatWebServer [requestId=] - Tomcat started on port 18889 (http) with context path '/'
2026-02-26 13:21:07.675 [restartedMain] INFO  com.liyao.bulk.BulkApplication [requestId=] - Started BulkApplication in 1.775 seconds (process running for 222.583)
2026-02-26 13:21:07.678 [restartedMain] INFO  o.s.b.d.a.ConditionEvaluationDeltaLoggingListener [requestId=] - Condition evaluation unchanged
2026-02-26 13:21:09.363 [main] INFO  c.l.b.BulkCommodityPlatformApplicationTests [requestId=] - Starting BulkCommodityPlatformApplicationTests using Java 21.0.10 with PID 26300 (started by LIYAO in E:\idea-workspace\learning\bulk-commodity-platform)
2026-02-26 13:21:09.365 [main] INFO  c.l.b.BulkCommodityPlatformApplicationTests [requestId=] - No active profile set, falling back to 1 default profile: "default"
2026-02-26 13:21:11.145 [main] INFO  o.s.d.r.c.RepositoryConfigurationDelegate [requestId=] - Multiple Spring Data modules found, entering strict repository configuration mode
2026-02-26 13:21:11.149 [main] INFO  o.s.d.r.c.RepositoryConfigurationDelegate [requestId=] - Bootstrapping Spring Data Redis repositories in DEFAULT mode.
2026-02-26 13:21:11.203 [main] INFO  o.s.d.r.c.RepositoryConfigurationDelegate [requestId=] - Finished Spring Data repository scanning in 17 ms. Found 0 Redis repository interfaces.
2026-02-26 13:21:15.313 [main] INFO  o.s.v.b.OptionalValidatorFactoryBean [requestId=] - Failed to set up a Bean Validation provider: jakarta.validation.NoProviderFoundException: Unable to create a Configuration, because no Jakarta Bean Validation provider could be found. Add a provider like Hibernate Validator (RI) to your classpath.
2026-02-26 13:21:17.914 [main] INFO  o.s.b.a.e.web.EndpointLinksResolver [requestId=] - Exposing 1 endpoint beneath base path '/actuator'
2026-02-26 13:21:18.142 [main] INFO  c.l.b.BulkCommodityPlatformApplicationTests [requestId=] - Started BulkCommodityPlatformApplicationTests in 9.334 seconds (process running for 10.716)
2026-02-26 13:32:14.298 [File Watcher] INFO  o.s.b.d.a.LocalDevToolsAutoConfiguration$RestartingClassPathChangeChangedEventListener [requestId=] - Restarting due to 142 class path changes (0 additions, 142 deletions, 0 modifications)
2026-02-26 13:32:14.302 [Thread-14] INFO  o.s.b.w.e.tomcat.GracefulShutdown [requestId=] - Commencing graceful shutdown. Waiting for active requests to complete
2026-02-26 13:32:14.307 [tomcat-shutdown] INFO  o.s.b.w.e.tomcat.GracefulShutdown [requestId=] - Graceful shutdown complete
2026-02-26 13:32:14.436 [restartedMain] INFO  com.liyao.bulk.BulkApplication [requestId=] - Starting BulkApplication using Java 21.0.10 with PID 37436 (E:\idea-workspace\learning\bulk-commodity-platform\target\classes started by LIYAO in E:\idea-workspace\learning\bulk-commodity-platform)
2026-02-26 13:32:14.437 [restartedMain] INFO  com.liyao.bulk.BulkApplication [requestId=] - No active profile set, falling back to 1 default profile: "default"
2026-02-26 13:32:14.875 [restartedMain] INFO  o.s.d.r.c.RepositoryConfigurationDelegate [requestId=] - Multiple Spring Data modules found, entering strict repository configuration mode
2026-02-26 13:32:14.875 [restartedMain] INFO  o.s.d.r.c.RepositoryConfigurationDelegate [requestId=] - Bootstrapping Spring Data Redis repositories in DEFAULT mode.
2026-02-26 13:32:14.879 [restartedMain] INFO  o.s.d.r.c.RepositoryConfigurationDelegate [requestId=] - Finished Spring Data repository scanning in 3 ms. Found 0 Redis repository interfaces.
2026-02-26 13:32:14.927 [restartedMain] WARN  o.m.s.mapper.ClassPathMapperScanner [requestId=] - No MyBatis mapper was found in '[com.liyao.bulk]' package. Please check your configuration.
2026-02-26 13:32:15.028 [restartedMain] INFO  o.s.b.w.e.tomcat.TomcatWebServer [requestId=] - Tomcat initialized with port 18889 (http)
2026-02-26 13:32:15.032 [restartedMain] INFO  o.a.catalina.core.StandardService [requestId=] - Starting service [Tomcat]
2026-02-26 13:32:15.032 [restartedMain] INFO  o.a.catalina.core.StandardEngine [requestId=] - Starting Servlet engine: [Apache Tomcat/10.1.41]
2026-02-26 13:32:15.057 [restartedMain] INFO  o.a.c.c.C.[Tomcat-3].[localhost].[/] [requestId=] - Initializing Spring embedded WebApplicationContext
2026-02-26 13:32:15.058 [restartedMain] INFO  o.s.b.w.s.c.ServletWebServerApplicationContext [requestId=] - Root WebApplicationContext: initialization completed in 618 ms
2026-02-26 13:32:15.174 [restartedMain] INFO  o.s.v.b.OptionalValidatorFactoryBean [requestId=] - Failed to set up a Bean Validation provider: jakarta.validation.NoProviderFoundException: Unable to create a Configuration, because no Jakarta Bean Validation provider could be found. Add a provider like Hibernate Validator (RI) to your classpath.
2026-02-26 13:32:15.325 [restartedMain] WARN  o.s.b.w.s.c.AnnotationConfigServletWebServerApplicationContext [requestId=] - Exception encountered during context initialization - cancelling refresh attempt: org.springframework.beans.factory.BeanCreationException: Error creating bean with name 'sqlSessionFactory' defined in class path resource [org/mybatis/spring/boot/autoconfigure/MybatisAutoConfiguration.class]: Failed to instantiate [org.apache.ibatis.session.SqlSessionFactory]: Factory method 'sqlSessionFactory' threw exception with message: Failed to parse mapping resource: 'file [E:\idea-workspace\learning\bulk-commodity-platform\target\classes\mapper\AdminApplyMapper.xml]'
2026-02-26 13:32:15.328 [restartedMain] INFO  o.a.catalina.core.StandardService [requestId=] - Stopping service [Tomcat]
2026-02-26 13:32:15.343 [restartedMain] INFO  o.s.b.a.l.ConditionEvaluationReportLogger [requestId=] - 

Error starting ApplicationContext. To display the condition evaluation report re-run your application with 'debug' enabled.
2026-02-26 13:32:15.352 [restartedMain] ERROR o.s.boot.SpringApplication [requestId=] - Application run failed
org.springframework.beans.factory.BeanCreationException: Error creating bean with name 'sqlSessionFactory' defined in class path resource [org/mybatis/spring/boot/autoconfigure/MybatisAutoConfiguration.class]: Failed to instantiate [org.apache.ibatis.session.SqlSessionFactory]: Factory method 'sqlSessionFactory' threw exception with message: Failed to parse mapping resource: 'file [E:\idea-workspace\learning\bulk-commodity-platform\target\classes\mapper\AdminApplyMapper.xml]'
	at org.springframework.beans.factory.support.ConstructorResolver.instantiate(ConstructorResolver.java:657)
	at org.springframework.beans.factory.support.ConstructorResolver.instantiateUsingFactoryMethod(ConstructorResolver.java:645)
	at org.springframework.beans.factory.support.AbstractAutowireCapableBeanFactory.instantiateUsingFactoryMethod(AbstractAutowireCapableBeanFactory.java:1375)
	at org.springframework.beans.factory.support.AbstractAutowireCapableBeanFactory.createBeanInstance(AbstractAutowireCapableBeanFactory.java:1205)
	at org.springframework.beans.factory.support.AbstractAutowireCapableBeanFactory.doCreateBean(AbstractAutowireCapableBeanFactory.java:569)
	at org.springframework.beans.factory.support.AbstractAutowireCapableBeanFactory.createBean(AbstractAutowireCapableBeanFactory.java:529)
	at org.springframework.beans.factory.support.AbstractBeanFactory.lambda$doGetBean$0(AbstractBeanFactory.java:339)
	at org.springframework.beans.factory.support.DefaultSingletonBeanRegistry.getSingleton(DefaultSingletonBeanRegistry.java:373)
	at org.springframework.beans.factory.support.AbstractBeanFactory.doGetBean(AbstractBeanFactory.java:337)
	at org.springframework.beans.factory.support.AbstractBeanFactory.getBean(AbstractBeanFactory.java:202)
	at org.springframework.beans.factory.support.DefaultListableBeanFactory.instantiateSingleton(DefaultListableBeanFactory.java:1222)
	at org.springframework.beans.factory.support.DefaultListableBeanFactory.preInstantiateSingleton(DefaultListableBeanFactory.java:1188)
	at org.springframework.beans.factory.support.DefaultListableBeanFactory.preInstantiateSingletons(DefaultListableBeanFactory.java:1123)
	at org.springframework.context.support.AbstractApplicationContext.finishBeanFactoryInitialization(AbstractApplicationContext.java:987)
	at org.springframework.context.support.AbstractApplicationContext.refresh(AbstractApplicationContext.java:627)
	at org.springframework.boot.web.servlet.context.ServletWebServerApplicationContext.refresh(ServletWebServerApplicationContext.java:146)
	at org.springframework.boot.SpringApplication.refresh(SpringApplication.java:753)
	at org.springframework.boot.SpringApplication.refreshContext(SpringApplication.java:439)
	at org.springframework.boot.SpringApplication.run(SpringApplication.java:318)
	at org.springframework.boot.SpringApplication.run(SpringApplication.java:1362)
	at org.springframework.boot.SpringApplication.run(SpringApplication.java:1351)
	at com.liyao.bulk.BulkApplication.main(BulkApplication.java:9)
	at java.base/jdk.internal.reflect.DirectMethodHandleAccessor.invoke(DirectMethodHandleAccessor.java:103)
	at java.base/java.lang.reflect.Method.invoke(Method.java:580)
	at org.springframework.boot.devtools.restart.RestartLauncher.run(RestartLauncher.java:50)
Caused by: org.springframework.beans.BeanInstantiationException: Failed to instantiate [org.apache.ibatis.session.SqlSessionFactory]: Factory method 'sqlSessionFactory' threw exception with message: Failed to parse mapping resource: 'file [E:\idea-workspace\learning\bulk-commodity-platform\target\classes\mapper\AdminApplyMapper.xml]'
	at org.springframework.beans.factory.support.SimpleInstantiationStrategy.lambda$instantiate$0(SimpleInstantiationStrategy.java:199)
	at org.springframework.beans.factory.support.SimpleInstantiationStrategy.instantiateWithFactoryMethod(SimpleInstantiationStrategy.java:88)
	at org.springframework.beans.factory.support.SimpleInstantiationStrategy.instantiate(SimpleInstantiationStrategy.java:168)
	at org.springframework.beans.factory.support.ConstructorResolver.instantiate(ConstructorResolver.java:653)
	... 24 common frames omitted
Caused by: java.io.IOException: Failed to parse mapping resource: 'file [E:\idea-workspace\learning\bulk-commodity-platform\target\classes\mapper\AdminApplyMapper.xml]'
	at org.mybatis.spring.SqlSessionFactoryBean.buildSqlSessionFactory(SqlSessionFactoryBean.java:695)
	at org.mybatis.spring.SqlSessionFactoryBean.afterPropertiesSet(SqlSessionFactoryBean.java:572)
	at org.mybatis.spring.SqlSessionFactoryBean.getObject(SqlSessionFactoryBean.java:712)
	at org.mybatis.spring.boot.autoconfigure.MybatisAutoConfiguration.sqlSessionFactory(MybatisAutoConfiguration.java:189)
	at java.base/jdk.internal.reflect.DirectMethodHandleAccessor.invoke(DirectMethodHandleAccessor.java:103)
	at java.base/java.lang.reflect.Method.invoke(Method.java:580)
	at org.springframework.beans.factory.support.SimpleInstantiationStrategy.lambda$instantiate$0(SimpleInstantiationStrategy.java:171)
	... 27 common frames omitted
Caused by: org.apache.ibatis.builder.BuilderException: Error parsing Mapper XML. The XML location is 'file [E:\idea-workspace\learning\bulk-commodity-platform\target\classes\mapper\AdminApplyMapper.xml]'. Cause: org.apache.ibatis.builder.BuilderException: Error resolving class. Cause: org.apache.ibatis.type.TypeException: Could not resolve type alias 'com.liyao.bulk.model.AdminApply'.  Cause: java.lang.ClassNotFoundException: Cannot find class: com.liyao.bulk.model.AdminApply
	at org.apache.ibatis.builder.xml.XMLMapperBuilder.configurationElement(XMLMapperBuilder.java:125)
	at org.apache.ibatis.builder.xml.XMLMapperBuilder.parse(XMLMapperBuilder.java:98)
	at org.mybatis.spring.SqlSessionFactoryBean.buildSqlSessionFactory(SqlSessionFactoryBean.java:693)
	... 33 common frames omitted
Caused by: org.apache.ibatis.builder.BuilderException: Error resolving class. Cause: org.apache.ibatis.type.TypeException: Could not resolve type alias 'com.liyao.bulk.model.AdminApply'.  Cause: java.lang.ClassNotFoundException: Cannot find class: com.liyao.bulk.model.AdminApply
	at org.apache.ibatis.builder.BaseBuilder.resolveClass(BaseBuilder.java:103)
	at org.apache.ibatis.builder.xml.XMLMapperBuilder.resultMapElement(XMLMapperBuilder.java:222)
	at org.apache.ibatis.builder.xml.XMLMapperBuilder.resultMapElement(XMLMapperBuilder.java:214)
	at org.apache.ibatis.builder.xml.XMLMapperBuilder.resultMapElements(XMLMapperBuilder.java:206)
	at org.apache.ibatis.builder.xml.XMLMapperBuilder.configurationElement(XMLMapperBuilder.java:121)
	... 35 common frames omitted
Caused by: org.apache.ibatis.type.TypeException: Could not resolve type alias 'com.liyao.bulk.model.AdminApply'.  Cause: java.lang.ClassNotFoundException: Cannot find class: com.liyao.bulk.model.AdminApply
	at org.apache.ibatis.type.TypeAliasRegistry.resolveAlias(TypeAliasRegistry.java:128)
	at org.apache.ibatis.builder.BaseBuilder.resolveAlias(BaseBuilder.java:132)
	at org.apache.ibatis.builder.BaseBuilder.resolveClass(BaseBuilder.java:101)
	... 39 common frames omitted
Caused by: java.lang.ClassNotFoundException: Cannot find class: com.liyao.bulk.model.AdminApply
	at org.apache.ibatis.io.ClassLoaderWrapper.classForName(ClassLoaderWrapper.java:226)
	at org.apache.ibatis.io.ClassLoaderWrapper.classForName(ClassLoaderWrapper.java:103)
	at org.apache.ibatis.io.Resources.classForName(Resources.java:322)
	at org.apache.ibatis.type.TypeAliasRegistry.resolveAlias(TypeAliasRegistry.java:124)
	... 41 common frames omitted
2026-02-26 13:32:29.133 [restartedMain] INFO  com.liyao.bulk.BulkApplication [requestId=] - Starting BulkApplication using Java 21.0.10 with PID 37436 (E:\idea-workspace\learning\bulk-commodity-platform\target\classes started by LIYAO in E:\idea-workspace\learning\bulk-commodity-platform)
2026-02-26 13:32:29.133 [restartedMain] INFO  com.liyao.bulk.BulkApplication [requestId=] - No active profile set, falling back to 1 default profile: "default"
2026-02-26 13:32:29.557 [restartedMain] INFO  o.s.d.r.c.RepositoryConfigurationDelegate [requestId=] - Multiple Spring Data modules found, entering strict repository configuration mode
2026-02-26 13:32:29.557 [restartedMain] INFO  o.s.d.r.c.RepositoryConfigurationDelegate [requestId=] - Bootstrapping Spring Data Redis repositories in DEFAULT mode.
2026-02-26 13:32:29.565 [restartedMain] INFO  o.s.d.r.c.RepositoryConfigurationDelegate [requestId=] - Finished Spring Data repository scanning in 7 ms. Found 0 Redis repository interfaces.
2026-02-26 13:32:29.717 [restartedMain] INFO  o.s.b.w.e.tomcat.TomcatWebServer [requestId=] - Tomcat initialized with port 18889 (http)
2026-02-26 13:32:29.717 [restartedMain] INFO  o.a.catalina.core.StandardService [requestId=] - Starting service [Tomcat]
2026-02-26 13:32:29.717 [restartedMain] INFO  o.a.catalina.core.StandardEngine [requestId=] - Starting Servlet engine: [Apache Tomcat/10.1.41]
2026-02-26 13:32:29.736 [restartedMain] INFO  o.a.c.c.C.[Tomcat-4].[localhost].[/] [requestId=] - Initializing Spring embedded WebApplicationContext
2026-02-26 13:32:29.737 [restartedMain] INFO  o.s.b.w.s.c.ServletWebServerApplicationContext [requestId=] - Root WebApplicationContext: initialization completed in 602 ms
2026-02-26 13:32:30.241 [restartedMain] INFO  o.s.v.b.OptionalValidatorFactoryBean [requestId=] - Failed to set up a Bean Validation provider: jakarta.validation.NoProviderFoundException: Unable to create a Configuration, because no Jakarta Bean Validation provider could be found. Add a provider like Hibernate Validator (RI) to your classpath.
2026-02-26 13:32:30.781 [restartedMain] INFO  o.s.b.d.a.OptionalLiveReloadServer [requestId=] - LiveReload server is running on port 35729
2026-02-26 13:32:30.787 [restartedMain] INFO  o.s.b.a.e.web.EndpointLinksResolver [requestId=] - Exposing 1 endpoint beneath base path '/actuator'
2026-02-26 13:32:30.827 [restartedMain] INFO  o.s.b.w.e.tomcat.TomcatWebServer [requestId=] - Tomcat started on port 18889 (http) with context path '/'
2026-02-26 13:32:30.833 [restartedMain] INFO  com.liyao.bulk.BulkApplication [requestId=] - Started BulkApplication in 1.73 seconds (process running for 905.741)
2026-02-26 13:32:30.835 [restartedMain] INFO  o.s.b.d.a.ConditionEvaluationDeltaLoggingListener [requestId=] - Condition evaluation unchanged
2026-02-26 13:42:46.562 [File Watcher] INFO  o.s.b.d.a.LocalDevToolsAutoConfiguration$RestartingClassPathChangeChangedEventListener [requestId=] - Restarting due to 3 class path changes (0 additions, 3 deletions, 0 modifications)
2026-02-26 13:42:46.566 [Thread-24] INFO  o.s.b.w.e.tomcat.GracefulShutdown [requestId=] - Commencing graceful shutdown. Waiting for active requests to complete
2026-02-26 13:42:46.571 [tomcat-shutdown] INFO  o.s.b.w.e.tomcat.GracefulShutdown [requestId=] - Graceful shutdown complete
2026-02-26 13:42:46.672 [restartedMain] INFO  com.liyao.bulk.BulkApplication [requestId=] - Starting BulkApplication using Java 21.0.10 with PID 37436 (E:\idea-workspace\learning\bulk-commodity-platform\target\classes started by LIYAO in E:\idea-workspace\learning\bulk-commodity-platform)
2026-02-26 13:42:46.672 [restartedMain] INFO  com.liyao.bulk.BulkApplication [requestId=] - No active profile set, falling back to 1 default profile: "default"
2026-02-26 13:42:47.115 [restartedMain] INFO  o.s.d.r.c.RepositoryConfigurationDelegate [requestId=] - Multiple Spring Data modules found, entering strict repository configuration mode
2026-02-26 13:42:47.116 [restartedMain] INFO  o.s.d.r.c.RepositoryConfigurationDelegate [requestId=] - Bootstrapping Spring Data Redis repositories in DEFAULT mode.
2026-02-26 13:42:47.126 [restartedMain] INFO  o.s.d.r.c.RepositoryConfigurationDelegate [requestId=] - Finished Spring Data repository scanning in 9 ms. Found 0 Redis repository interfaces.
2026-02-26 13:42:47.318 [restartedMain] INFO  o.s.b.w.e.tomcat.TomcatWebServer [requestId=] - Tomcat initialized with port 18889 (http)
2026-02-26 13:42:47.320 [restartedMain] INFO  o.a.catalina.core.StandardService [requestId=] - Starting service [Tomcat]
2026-02-26 13:42:47.321 [restartedMain] INFO  o.a.catalina.core.StandardEngine [requestId=] - Starting Servlet engine: [Apache Tomcat/10.1.41]
2026-02-26 13:42:47.342 [restartedMain] INFO  o.a.c.c.C.[Tomcat-4].[localhost].[/] [requestId=] - Initializing Spring embedded WebApplicationContext
2026-02-26 13:42:47.342 [restartedMain] INFO  o.s.b.w.s.c.ServletWebServerApplicationContext [requestId=] - Root WebApplicationContext: initialization completed in 667 ms
2026-02-26 13:42:47.905 [restartedMain] WARN  o.s.b.w.s.c.AnnotationConfigServletWebServerApplicationContext [requestId=] - Exception encountered during context initialization - cancelling refresh attempt: org.springframework.beans.factory.UnsatisfiedDependencyException: Error creating bean with name 'departmentApplyController' defined in file [E:\idea-workspace\learning\bulk-commodity-platform\target\classes\com\liyao\bulk\controller\DepartmentApplyController.class]: Unsatisfied dependency expressed through constructor parameter 0: No qualifying bean of type 'com.liyao.bulk.service.DepartmentService' available: expected at least 1 bean which qualifies as autowire candidate. Dependency annotations: {}
2026-02-26 13:42:47.910 [restartedMain] INFO  o.a.catalina.core.StandardService [requestId=] - Stopping service [Tomcat]
2026-02-26 13:42:47.919 [restartedMain] INFO  o.s.b.a.l.ConditionEvaluationReportLogger [requestId=] - 

Error starting ApplicationContext. To display the condition evaluation report re-run your application with 'debug' enabled.
2026-02-26 13:42:47.928 [restartedMain] ERROR o.s.b.d.LoggingFailureAnalysisReporter [requestId=] - 

***************************
APPLICATION FAILED TO START
***************************

Description:

Parameter 0 of constructor in com.liyao.bulk.controller.DepartmentApplyController required a bean of type 'com.liyao.bulk.service.DepartmentService' that could not be found.


Action:

Consider defining a bean of type 'com.liyao.bulk.service.DepartmentService' in your configuration.

2026-02-26 13:42:49.409 [restartedMain] INFO  com.liyao.bulk.BulkApplication [requestId=] - Starting BulkApplication using Java 21.0.10 with PID 37436 (E:\idea-workspace\learning\bulk-commodity-platform\target\classes started by LIYAO in E:\idea-workspace\learning\bulk-commodity-platform)
2026-02-26 13:42:49.409 [restartedMain] INFO  com.liyao.bulk.BulkApplication [requestId=] - No active profile set, falling back to 1 default profile: "default"
2026-02-26 13:42:49.730 [restartedMain] INFO  o.s.d.r.c.RepositoryConfigurationDelegate [requestId=] - Multiple Spring Data modules found, entering strict repository configuration mode
2026-02-26 13:42:49.731 [restartedMain] INFO  o.s.d.r.c.RepositoryConfigurationDelegate [requestId=] - Bootstrapping Spring Data Redis repositories in DEFAULT mode.
2026-02-26 13:42:49.737 [restartedMain] INFO  o.s.d.r.c.RepositoryConfigurationDelegate [requestId=] - Finished Spring Data repository scanning in 5 ms. Found 0 Redis repository interfaces.
2026-02-26 13:42:49.856 [restartedMain] INFO  o.s.b.w.e.tomcat.TomcatWebServer [requestId=] - Tomcat initialized with port 18889 (http)
2026-02-26 13:42:49.857 [restartedMain] INFO  o.a.catalina.core.StandardService [requestId=] - Starting service [Tomcat]
2026-02-26 13:42:49.857 [restartedMain] INFO  o.a.catalina.core.StandardEngine [requestId=] - Starting Servlet engine: [Apache Tomcat/10.1.41]
2026-02-26 13:42:49.873 [restartedMain] INFO  o.a.c.c.C.[Tomcat-5].[localhost].[/] [requestId=] - Initializing Spring embedded WebApplicationContext
2026-02-26 13:42:49.873 [restartedMain] INFO  o.s.b.w.s.c.ServletWebServerApplicationContext [requestId=] - Root WebApplicationContext: initialization completed in 462 ms
2026-02-26 13:42:50.354 [restartedMain] INFO  o.s.v.b.OptionalValidatorFactoryBean [requestId=] - Failed to set up a Bean Validation provider: jakarta.validation.NoProviderFoundException: Unable to create a Configuration, because no Jakarta Bean Validation provider could be found. Add a provider like Hibernate Validator (RI) to your classpath.
2026-02-26 13:42:51.067 [restartedMain] INFO  o.s.b.d.a.OptionalLiveReloadServer [requestId=] - LiveReload server is running on port 35729
2026-02-26 13:42:51.073 [restartedMain] INFO  o.s.b.a.e.web.EndpointLinksResolver [requestId=] - Exposing 1 endpoint beneath base path '/actuator'
2026-02-26 13:42:51.115 [restartedMain] INFO  o.s.b.w.e.tomcat.TomcatWebServer [requestId=] - Tomcat started on port 18889 (http) with context path '/'
2026-02-26 13:42:51.121 [restartedMain] INFO  com.liyao.bulk.BulkApplication [requestId=] - Started BulkApplication in 1.736 seconds (process running for 1526.028)
2026-02-26 13:42:51.123 [restartedMain] INFO  o.s.b.d.a.ConditionEvaluationDeltaLoggingListener [requestId=] - Condition evaluation unchanged
2026-02-26 13:46:03.016 [File Watcher] INFO  o.s.b.d.a.LocalDevToolsAutoConfiguration$RestartingClassPathChangeChangedEventListener [requestId=] - Restarting due to 143 class path changes (0 additions, 142 deletions, 1 modification)
2026-02-26 13:46:03.020 [Thread-31] INFO  o.s.b.w.e.tomcat.GracefulShutdown [requestId=] - Commencing graceful shutdown. Waiting for active requests to complete
2026-02-26 13:46:03.025 [tomcat-shutdown] INFO  o.s.b.w.e.tomcat.GracefulShutdown [requestId=] - Graceful shutdown complete
2026-02-26 13:46:03.145 [restartedMain] INFO  com.liyao.bulk.BulkApplication [requestId=] - Starting BulkApplication using Java 21.0.10 with PID 37436 (E:\idea-workspace\learning\bulk-commodity-platform\target\classes started by LIYAO in E:\idea-workspace\learning\bulk-commodity-platform)
2026-02-26 13:46:03.145 [restartedMain] INFO  com.liyao.bulk.BulkApplication [requestId=] - No active profile set, falling back to 1 default profile: "default"
2026-02-26 13:46:03.541 [restartedMain] INFO  o.s.d.r.c.RepositoryConfigurationDelegate [requestId=] - Multiple Spring Data modules found, entering strict repository configuration mode
2026-02-26 13:46:03.541 [restartedMain] INFO  o.s.d.r.c.RepositoryConfigurationDelegate [requestId=] - Bootstrapping Spring Data Redis repositories in DEFAULT mode.
2026-02-26 13:46:03.545 [restartedMain] INFO  o.s.d.r.c.RepositoryConfigurationDelegate [requestId=] - Finished Spring Data repository scanning in 3 ms. Found 0 Redis repository interfaces.
2026-02-26 13:46:03.585 [restartedMain] WARN  o.m.s.mapper.ClassPathMapperScanner [requestId=] - No MyBatis mapper was found in '[com.liyao.bulk]' package. Please check your configuration.
2026-02-26 13:46:03.667 [restartedMain] INFO  o.s.b.w.e.tomcat.TomcatWebServer [requestId=] - Tomcat initialized with port 18889 (http)
2026-02-26 13:46:03.669 [restartedMain] INFO  o.a.catalina.core.StandardService [requestId=] - Starting service [Tomcat]
2026-02-26 13:46:03.669 [restartedMain] INFO  o.a.catalina.core.StandardEngine [requestId=] - Starting Servlet engine: [Apache Tomcat/10.1.41]
2026-02-26 13:46:03.690 [restartedMain] INFO  o.a.c.c.C.[Tomcat-5].[localhost].[/] [requestId=] - Initializing Spring embedded WebApplicationContext
2026-02-26 13:46:03.690 [restartedMain] INFO  o.s.b.w.s.c.ServletWebServerApplicationContext [requestId=] - Root WebApplicationContext: initialization completed in 540 ms
2026-02-26 13:46:03.778 [restartedMain] INFO  o.s.v.b.OptionalValidatorFactoryBean [requestId=] - Failed to set up a Bean Validation provider: jakarta.validation.NoProviderFoundException: Unable to create a Configuration, because no Jakarta Bean Validation provider could be found. Add a provider like Hibernate Validator (RI) to your classpath.
2026-02-26 13:46:03.896 [restartedMain] WARN  o.s.b.w.s.c.AnnotationConfigServletWebServerApplicationContext [requestId=] - Exception encountered during context initialization - cancelling refresh attempt: org.springframework.beans.factory.BeanCreationException: Error creating bean with name 'sqlSessionFactory' defined in class path resource [org/mybatis/spring/boot/autoconfigure/MybatisAutoConfiguration.class]: Failed to instantiate [org.apache.ibatis.session.SqlSessionFactory]: Factory method 'sqlSessionFactory' threw exception with message: Failed to parse mapping resource: 'file [E:\idea-workspace\learning\bulk-commodity-platform\target\classes\mapper\AdminApplyMapper.xml]'
2026-02-26 13:46:03.897 [restartedMain] INFO  o.a.catalina.core.StandardService [requestId=] - Stopping service [Tomcat]
2026-02-26 13:46:03.906 [restartedMain] INFO  o.s.b.a.l.ConditionEvaluationReportLogger [requestId=] - 

Error starting ApplicationContext. To display the condition evaluation report re-run your application with 'debug' enabled.
2026-02-26 13:46:03.913 [restartedMain] ERROR o.s.boot.SpringApplication [requestId=] - Application run failed
org.springframework.beans.factory.BeanCreationException: Error creating bean with name 'sqlSessionFactory' defined in class path resource [org/mybatis/spring/boot/autoconfigure/MybatisAutoConfiguration.class]: Failed to instantiate [org.apache.ibatis.session.SqlSessionFactory]: Factory method 'sqlSessionFactory' threw exception with message: Failed to parse mapping resource: 'file [E:\idea-workspace\learning\bulk-commodity-platform\target\classes\mapper\AdminApplyMapper.xml]'
	at org.springframework.beans.factory.support.ConstructorResolver.instantiate(ConstructorResolver.java:657)
	at org.springframework.beans.factory.support.ConstructorResolver.instantiateUsingFactoryMethod(ConstructorResolver.java:645)
	at org.springframework.beans.factory.support.AbstractAutowireCapableBeanFactory.instantiateUsingFactoryMethod(AbstractAutowireCapableBeanFactory.java:1375)
	at org.springframework.beans.factory.support.AbstractAutowireCapableBeanFactory.createBeanInstance(AbstractAutowireCapableBeanFactory.java:1205)
	at org.springframework.beans.factory.support.AbstractAutowireCapableBeanFactory.doCreateBean(AbstractAutowireCapableBeanFactory.java:569)
	at org.springframework.beans.factory.support.AbstractAutowireCapableBeanFactory.createBean(AbstractAutowireCapableBeanFactory.java:529)
	at org.springframework.beans.factory.support.AbstractBeanFactory.lambda$doGetBean$0(AbstractBeanFactory.java:339)
	at org.springframework.beans.factory.support.DefaultSingletonBeanRegistry.getSingleton(DefaultSingletonBeanRegistry.java:373)
	at org.springframework.beans.factory.support.AbstractBeanFactory.doGetBean(AbstractBeanFactory.java:337)
	at org.springframework.beans.factory.support.AbstractBeanFactory.getBean(AbstractBeanFactory.java:202)
	at org.springframework.beans.factory.support.DefaultListableBeanFactory.instantiateSingleton(DefaultListableBeanFactory.java:1222)
	at org.springframework.beans.factory.support.DefaultListableBeanFactory.preInstantiateSingleton(DefaultListableBeanFactory.java:1188)
	at org.springframework.beans.factory.support.DefaultListableBeanFactory.preInstantiateSingletons(DefaultListableBeanFactory.java:1123)
	at org.springframework.context.support.AbstractApplicationContext.finishBeanFactoryInitialization(AbstractApplicationContext.java:987)
	at org.springframework.context.support.AbstractApplicationContext.refresh(AbstractApplicationContext.java:627)
	at org.springframework.boot.web.servlet.context.ServletWebServerApplicationContext.refresh(ServletWebServerApplicationContext.java:146)
	at org.springframework.boot.SpringApplication.refresh(SpringApplication.java:753)
	at org.springframework.boot.SpringApplication.refreshContext(SpringApplication.java:439)
	at org.springframework.boot.SpringApplication.run(SpringApplication.java:318)
	at org.springframework.boot.SpringApplication.run(SpringApplication.java:1362)
	at org.springframework.boot.SpringApplication.run(SpringApplication.java:1351)
	at com.liyao.bulk.BulkApplication.main(BulkApplication.java:9)
	at java.base/jdk.internal.reflect.DirectMethodHandleAccessor.invoke(DirectMethodHandleAccessor.java:103)
	at java.base/java.lang.reflect.Method.invoke(Method.java:580)
	at org.springframework.boot.devtools.restart.RestartLauncher.run(RestartLauncher.java:50)
Caused by: org.springframework.beans.BeanInstantiationException: Failed to instantiate [org.apache.ibatis.session.SqlSessionFactory]: Factory method 'sqlSessionFactory' threw exception with message: Failed to parse mapping resource: 'file [E:\idea-workspace\learning\bulk-commodity-platform\target\classes\mapper\AdminApplyMapper.xml]'
	at org.springframework.beans.factory.support.SimpleInstantiationStrategy.lambda$instantiate$0(SimpleInstantiationStrategy.java:199)
	at org.springframework.beans.factory.support.SimpleInstantiationStrategy.instantiateWithFactoryMethod(SimpleInstantiationStrategy.java:88)
	at org.springframework.beans.factory.support.SimpleInstantiationStrategy.instantiate(SimpleInstantiationStrategy.java:168)
	at org.springframework.beans.factory.support.ConstructorResolver.instantiate(ConstructorResolver.java:653)
	... 24 common frames omitted
Caused by: java.io.IOException: Failed to parse mapping resource: 'file [E:\idea-workspace\learning\bulk-commodity-platform\target\classes\mapper\AdminApplyMapper.xml]'
	at org.mybatis.spring.SqlSessionFactoryBean.buildSqlSessionFactory(SqlSessionFactoryBean.java:695)
	at org.mybatis.spring.SqlSessionFactoryBean.afterPropertiesSet(SqlSessionFactoryBean.java:572)
	at org.mybatis.spring.SqlSessionFactoryBean.getObject(SqlSessionFactoryBean.java:712)
	at org.mybatis.spring.boot.autoconfigure.MybatisAutoConfiguration.sqlSessionFactory(MybatisAutoConfiguration.java:189)
	at java.base/jdk.internal.reflect.DirectMethodHandleAccessor.invoke(DirectMethodHandleAccessor.java:103)
	at java.base/java.lang.reflect.Method.invoke(Method.java:580)
	at org.springframework.beans.factory.support.SimpleInstantiationStrategy.lambda$instantiate$0(SimpleInstantiationStrategy.java:171)
	... 27 common frames omitted
Caused by: org.apache.ibatis.builder.BuilderException: Error parsing Mapper XML. The XML location is 'file [E:\idea-workspace\learning\bulk-commodity-platform\target\classes\mapper\AdminApplyMapper.xml]'. Cause: org.apache.ibatis.builder.BuilderException: Error resolving class. Cause: org.apache.ibatis.type.TypeException: Could not resolve type alias 'com.liyao.bulk.model.AdminApply'.  Cause: java.lang.ClassNotFoundException: Cannot find class: com.liyao.bulk.model.AdminApply
	at org.apache.ibatis.builder.xml.XMLMapperBuilder.configurationElement(XMLMapperBuilder.java:125)
	at org.apache.ibatis.builder.xml.XMLMapperBuilder.parse(XMLMapperBuilder.java:98)
	at org.mybatis.spring.SqlSessionFactoryBean.buildSqlSessionFactory(SqlSessionFactoryBean.java:693)
	... 33 common frames omitted
Caused by: org.apache.ibatis.builder.BuilderException: Error resolving class. Cause: org.apache.ibatis.type.TypeException: Could not resolve type alias 'com.liyao.bulk.model.AdminApply'.  Cause: java.lang.ClassNotFoundException: Cannot find class: com.liyao.bulk.model.AdminApply
	at org.apache.ibatis.builder.BaseBuilder.resolveClass(BaseBuilder.java:103)
	at org.apache.ibatis.builder.xml.XMLMapperBuilder.resultMapElement(XMLMapperBuilder.java:222)
	at org.apache.ibatis.builder.xml.XMLMapperBuilder.resultMapElement(XMLMapperBuilder.java:214)
	at org.apache.ibatis.builder.xml.XMLMapperBuilder.resultMapElements(XMLMapperBuilder.java:206)
	at org.apache.ibatis.builder.xml.XMLMapperBuilder.configurationElement(XMLMapperBuilder.java:121)
	... 35 common frames omitted
Caused by: org.apache.ibatis.type.TypeException: Could not resolve type alias 'com.liyao.bulk.model.AdminApply'.  Cause: java.lang.ClassNotFoundException: Cannot find class: com.liyao.bulk.model.AdminApply
	at org.apache.ibatis.type.TypeAliasRegistry.resolveAlias(TypeAliasRegistry.java:128)
	at org.apache.ibatis.builder.BaseBuilder.resolveAlias(BaseBuilder.java:132)
	at org.apache.ibatis.builder.BaseBuilder.resolveClass(BaseBuilder.java:101)
	... 39 common frames omitted
Caused by: java.lang.ClassNotFoundException: Cannot find class: com.liyao.bulk.model.AdminApply
	at org.apache.ibatis.io.ClassLoaderWrapper.classForName(ClassLoaderWrapper.java:226)
	at org.apache.ibatis.io.ClassLoaderWrapper.classForName(ClassLoaderWrapper.java:103)
	at org.apache.ibatis.io.Resources.classForName(Resources.java:322)
	at org.apache.ibatis.type.TypeAliasRegistry.resolveAlias(TypeAliasRegistry.java:124)
	... 41 common frames omitted
2026-02-26 13:46:10.214 [restartedMain] INFO  com.liyao.bulk.BulkApplication [requestId=] - Starting BulkApplication using Java 21.0.10 with PID 37436 (E:\idea-workspace\learning\bulk-commodity-platform\target\classes started by LIYAO in E:\idea-workspace\learning\bulk-commodity-platform)
2026-02-26 13:46:10.214 [restartedMain] INFO  com.liyao.bulk.BulkApplication [requestId=] - No active profile set, falling back to 1 default profile: "default"
2026-02-26 13:46:10.617 [restartedMain] INFO  o.s.d.r.c.RepositoryConfigurationDelegate [requestId=] - Multiple Spring Data modules found, entering strict repository configuration mode
2026-02-26 13:46:10.617 [restartedMain] INFO  o.s.d.r.c.RepositoryConfigurationDelegate [requestId=] - Bootstrapping Spring Data Redis repositories in DEFAULT mode.
2026-02-26 13:46:10.624 [restartedMain] INFO  o.s.d.r.c.RepositoryConfigurationDelegate [requestId=] - Finished Spring Data repository scanning in 6 ms. Found 0 Redis repository interfaces.
2026-02-26 13:46:10.773 [restartedMain] INFO  o.s.b.w.e.tomcat.TomcatWebServer [requestId=] - Tomcat initialized with port 18889 (http)
2026-02-26 13:46:10.774 [restartedMain] INFO  o.a.catalina.core.StandardService [requestId=] - Starting service [Tomcat]
2026-02-26 13:46:10.774 [restartedMain] INFO  o.a.catalina.core.StandardEngine [requestId=] - Starting Servlet engine: [Apache Tomcat/10.1.41]
2026-02-26 13:46:10.791 [restartedMain] INFO  o.a.c.c.C.[Tomcat-6].[localhost].[/] [requestId=] - Initializing Spring embedded WebApplicationContext
2026-02-26 13:46:10.791 [restartedMain] INFO  o.s.b.w.s.c.ServletWebServerApplicationContext [requestId=] - Root WebApplicationContext: initialization completed in 574 ms
2026-02-26 13:46:11.272 [restartedMain] INFO  o.s.v.b.OptionalValidatorFactoryBean [requestId=] - Failed to set up a Bean Validation provider: jakarta.validation.NoProviderFoundException: Unable to create a Configuration, because no Jakarta Bean Validation provider could be found. Add a provider like Hibernate Validator (RI) to your classpath.
2026-02-26 13:46:11.766 [restartedMain] INFO  o.s.b.d.a.OptionalLiveReloadServer [requestId=] - LiveReload server is running on port 35729
2026-02-26 13:46:11.771 [restartedMain] INFO  o.s.b.a.e.web.EndpointLinksResolver [requestId=] - Exposing 1 endpoint beneath base path '/actuator'
2026-02-26 13:46:11.806 [restartedMain] INFO  o.s.b.w.e.tomcat.TomcatWebServer [requestId=] - Tomcat started on port 18889 (http) with context path '/'
2026-02-26 13:46:11.813 [restartedMain] INFO  com.liyao.bulk.BulkApplication [requestId=] - Started BulkApplication in 1.623 seconds (process running for 1726.721)
2026-02-26 13:46:11.814 [restartedMain] INFO  o.s.b.d.a.ConditionEvaluationDeltaLoggingListener [requestId=] - Condition evaluation unchanged
